Assembler report for USB-to-I2S-Converter
Fri Sep 04 18:15:30 2020
Quartus Prime Version 20.1.0 Build 711 06/05/2020 SJ Lite Edition


---------------------
; Table of Contents ;
---------------------
  1. Legal Notice
  2. Assembler Summary
  3. Assembler Settings
  4. Assembler Generated Files
  5. Assembler Device Options: F:/Documents/GitHub/FPG USB to I2S Converter/src/output_files/USB-to-I2S-Converter.sof
  6. Assembler Messages



----------------
; Legal Notice ;
----------------
Copyright (C) 2020  Intel Corporation. All rights reserved.
Your use of Intel Corporation's design tools, logic functions 
and other software and tools, and any partner logic 
functions, and any output files from any of the foregoing 
(including device programming or simulation files), and any 
associated documentation or information are expressly subject 
to the terms and conditions of the Intel Program License 
Subscription Agreement, the Intel Quartus Prime License Agreement,
the Intel FPGA IP License Agreement, or other applicable license
agreement, including, without limitation, that your use is for
the sole purpose of programming logic devices manufactured by
Intel and sold by Intel or its authorized distributors.  Please
refer to the applicable agreement for further details, at
https://fpgasoftware.intel.com/eula.



+---------------------------------------------------------------+
; Assembler Summary                                             ;
+-----------------------+---------------------------------------+
; Assembler Status      ; Successful - Fri Sep 04 18:15:30 2020 ;
; Revision Name         ; USB-to-I2S-Converter                  ;
; Top-level Entity Name ; top                                   ;
; Family                ; Cyclone 10 LP                         ;
; Device                ; 10CL025YU256C8G                       ;
+-----------------------+---------------------------------------+


+----------------------------------+
; Assembler Settings               ;
+--------+---------+---------------+
; Option ; Setting ; Default Value ;
+--------+---------+---------------+


+----------------------------------------------------------------------------------------+
; Assembler Generated Files                                                              ;
+----------------------------------------------------------------------------------------+
; File Name                                                                              ;
+----------------------------------------------------------------------------------------+
; F:/Documents/GitHub/FPG USB to I2S Converter/src/output_files/USB-to-I2S-Converter.sof ;
+----------------------------------------------------------------------------------------+


+------------------------------------------------------------------------------------------------------------------+
; Assembler Device Options: F:/Documents/GitHub/FPG USB to I2S Converter/src/output_files/USB-to-I2S-Converter.sof ;
+----------------+-------------------------------------------------------------------------------------------------+
; Option         ; Setting                                                                                         ;
+----------------+-------------------------------------------------------------------------------------------------+
; JTAG usercode  ; 0x00142F7C                                                                                      ;
; Checksum       ; 0x00142F7C                                                                                      ;
+----------------+-------------------------------------------------------------------------------------------------+


+--------------------+
; Assembler Messages ;
+--------------------+
Info: *******************************************************************
Info: Running Quartus Prime Assembler
    Info: Version 20.1.0 Build 711 06/05/2020 SJ Lite Edition
    Info: Processing started: Fri Sep 04 18:15:28 2020
Info: Command: quartus_asm --read_settings_files=off --write_settings_files=off USB-to-I2S-Converter -c USB-to-I2S-Converter
Warning (18236): Number of processors has not been specified which may cause overloading on shared machines.  Set the global assignment NUM_PARALLEL_PROCESSORS in your QSF to an appropriate value for best performance.
Info (115031): Writing out detailed assembly data for power analysis
Info (115030): Assembler is generating device programming files
Warning (12914): The file, F:/Documents/GitHub/FPG USB to I2S Converter/src/my_nios.sopcinfo, is not embedded into sof file as expected.  Some tools, such as System Console, may not function fully.
Info: Quartus Prime Assembler was successful. 0 errors, 2 warnings
    Info: Peak virtual memory: 4693 megabytes
    Info: Processing ended: Fri Sep 04 18:15:30 2020
    Info: Elapsed time: 00:00:02
    Info: Total CPU time (on all processors): 00:00:01


