Flow report for USB-to-I2S-Converter
Mon Aug 24 00:42:32 2020
Quartus Prime Version 20.1.0 Build 711 06/05/2020 SJ Lite Edition


---------------------
; Table of Contents ;
---------------------
  1. Legal Notice
  2. Flow Summary
  3. Flow Settings
  4. Flow Non-Default Global Settings
  5. Flow Elapsed Time
  6. Flow OS Summary
  7. Flow Log
  8. Flow Messages
  9. Flow Suppressed Messages



----------------
; Legal Notice ;
----------------
Copyright (C) 2020  Intel Corporation. All rights reserved.
Your use of Intel Corporation's design tools, logic functions 
and other software and tools, and any partner logic 
functions, and any output files from any of the foregoing 
(including device programming or simulation files), and any 
associated documentation or information are expressly subject 
to the terms and conditions of the Intel Program License 
Subscription Agreement, the Intel Quartus Prime License Agreement,
the Intel FPGA IP License Agreement, or other applicable license
agreement, including, without limitation, that your use is for
the sole purpose of programming logic devices manufactured by
Intel and sold by Intel or its authorized distributors.  Please
refer to the applicable agreement for further details, at
https://fpgasoftware.intel.com/eula.



+----------------------------------------------------------------------------------+
; Flow Summary                                                                     ;
+------------------------------------+---------------------------------------------+
; Flow Status                        ; Successful - Mon Aug 24 00:42:32 2020       ;
; Quartus Prime Version              ; 20.1.0 Build 711 06/05/2020 SJ Lite Edition ;
; Revision Name                      ; USB-to-I2S-Converter                        ;
; Top-level Entity Name              ; USB-to-I2S-Converter                        ;
; Family                             ; Cyclone 10 LP                               ;
; Device                             ; 10CL025YU256C8G                             ;
; Timing Models                      ; Final                                       ;
; Total logic elements               ; 0                                           ;
;     Total combinational functions  ; 0                                           ;
;     Dedicated logic registers      ; 0                                           ;
; Total registers                    ; 0                                           ;
; Total pins                         ; 24                                          ;
; Total virtual pins                 ; 0                                           ;
; Total memory bits                  ; 0                                           ;
; Embedded Multiplier 9-bit elements ; 0                                           ;
; Total PLLs                         ; 1                                           ;
+------------------------------------+---------------------------------------------+


+------------------------------------------+
; Flow Settings                            ;
+-------------------+----------------------+
; Option            ; Setting              ;
+-------------------+----------------------+
; Start date & time ; 08/24/2020 00:42:19  ;
; Main task         ; Compilation          ;
; Revision Name     ; USB-to-I2S-Converter ;
+-------------------+----------------------+


+--------------------------------------------------------------------------------------------------------------------------------------------+
; Flow Non-Default Global Settings                                                                                                           ;
+-------------------------------------+-----------------------------------------------------------+---------------+-------------+------------+
; Assignment Name                     ; Value                                                     ; Default Value ; Entity Name ; Section Id ;
+-------------------------------------+-----------------------------------------------------------+---------------+-------------+------------+
; COMPILER_SIGNATURE_ID               ; 1097030136181.159822613815504                             ; --            ; --          ; --         ;
; MAX_CORE_JUNCTION_TEMP              ; 85                                                        ; --            ; --          ; --         ;
; MIN_CORE_JUNCTION_TEMP              ; 0                                                         ; --            ; --          ; --         ;
; MISC_FILE                           ; nios_custom/synthesis/../my_nios.cmp                      ; --            ; --          ; --         ;
; MISC_FILE                           ; nios_custom/synthesis/../../my_nios.qsys                  ; --            ; --          ; --         ;
; MISC_FILE                           ; PLL.bsf                                                   ; --            ; --          ; --         ;
; MISC_FILE                           ; PLL_bb.v                                                  ; --            ; --          ; --         ;
; MISC_FILE                           ; PLL.ppf                                                   ; --            ; --          ; --         ;
; NOMINAL_CORE_SUPPLY_VOLTAGE         ; 1.2V                                                      ; --            ; --          ; --         ;
; OUTPUT_IO_TIMING_FAR_END_VMEAS      ; Half Signal Swing                                         ; --            ; --          ; --         ;
; OUTPUT_IO_TIMING_FAR_END_VMEAS      ; Half Signal Swing                                         ; --            ; --          ; --         ;
; OUTPUT_IO_TIMING_NEAR_END_VMEAS     ; Half Vccio                                                ; --            ; --          ; --         ;
; OUTPUT_IO_TIMING_NEAR_END_VMEAS     ; Half Vccio                                                ; --            ; --          ; --         ;
; PARTITION_COLOR                     ; -- (Not supported for targeted family)                    ; --            ; --          ; Top        ;
; PARTITION_FITTER_PRESERVATION_LEVEL ; -- (Not supported for targeted family)                    ; --            ; --          ; Top        ;
; PARTITION_NETLIST_TYPE              ; -- (Not supported for targeted family)                    ; --            ; --          ; Top        ;
; POWER_BOARD_THERMAL_MODEL           ; None (CONSERVATIVE)                                       ; --            ; --          ; --         ;
; POWER_PRESET_COOLING_SOLUTION       ; 23 MM HEAT SINK WITH 200 LFPM AIRFLOW                     ; --            ; --          ; --         ;
; PROJECT_OUTPUT_DIRECTORY            ; output_files                                              ; --            ; --          ; --         ;
; SLD_FILE                            ; nios_custom/synthesis/my_nios.regmap                      ; --            ; --          ; --         ;
; SLD_FILE                            ; nios_custom/synthesis/my_nios.debuginfo                   ; --            ; --          ; --         ;
; SLD_INFO                            ; QSYS_NAME my_nios HAS_SOPCINFO 1 GENERATION_ID 1598215109 ; --            ; my_nios     ; --         ;
; SOPCINFO_FILE                       ; nios_custom/synthesis/../../my_nios.sopcinfo              ; --            ; --          ; --         ;
; SYNTHESIS_ONLY_QIP                  ; On                                                        ; --            ; --          ; --         ;
+-------------------------------------+-----------------------------------------------------------+---------------+-------------+------------+


+--------------------------------------------------------------------------------------------------------------------------+
; Flow Elapsed Time                                                                                                        ;
+----------------------+--------------+-------------------------+---------------------+------------------------------------+
; Module Name          ; Elapsed Time ; Average Processors Used ; Peak Virtual Memory ; Total CPU Time (on all processors) ;
+----------------------+--------------+-------------------------+---------------------+------------------------------------+
; Analysis & Synthesis ; 00:00:13     ; 1.0                     ; 4760 MB             ; 00:00:22                           ;
; Total                ; 00:00:13     ; --                      ; --                  ; 00:00:22                           ;
+----------------------+--------------+-------------------------+---------------------+------------------------------------+


+------------------------------------------------------------------------------------+
; Flow OS Summary                                                                    ;
+----------------------+------------------+------------+------------+----------------+
; Module Name          ; Machine Hostname ; OS Name    ; OS Version ; Processor type ;
+----------------------+------------------+------------+------------+----------------+
; Analysis & Synthesis ; DESKTOP-CDGJHCI  ; Windows 10 ; 10.0       ; x86_64         ;
+----------------------+------------------+------------+------------+----------------+


------------
; Flow Log ;
------------
quartus_map --read_settings_files=on --write_settings_files=off USB-to-I2S-Converter -c USB-to-I2S-Converter



